<?xml version="1.0" encoding="UTF-8"?>
<testng-results ignored="0" total="1" passed="1" failed="0" skipped="0">
  <reporter-output>
  </reporter-output>
  <suite started-at="2024-04-21T16:31:26 IST" name="Suite" finished-at="2024-04-21T16:31:37 IST" duration-ms="10237">
    <groups>
    </groups>
    <test started-at="2024-04-21T16:31:26 IST" name="Test" finished-at="2024-04-21T16:31:37 IST" duration-ms="10237">
      <class name="Testing.AutomationCICD.Automation">
        <test-method is-config="true" signature="config()[pri:0, instance:Testing.AutomationCICD.Automation@27f981c6]" started-at="2024-04-21T16:31:26 IST" name="config" finished-at="2024-04-21T16:31:27 IST" duration-ms="297" status="PASS">
          <reporter-output>
          </reporter-output>
        </test-method> <!-- config -->
        <test-method signature="simplerun()[pri:0, instance:Testing.AutomationCICD.Automation@27f981c6]" started-at="2024-04-21T16:31:27 IST" name="simplerun" finished-at="2024-04-21T16:31:37 IST" duration-ms="9909" status="PASS">
          <reporter-output>
          </reporter-output>
        </test-method> <!-- simplerun -->
      </class> <!-- Testing.AutomationCICD.Automation -->
    </test> <!-- Test -->
  </suite> <!-- Suite -->
</testng-results>
