<?xml version="1.0" encoding="UTF-8"?>
<testng-results ignored="0" total="1" passed="1" failed="0" skipped="0">
  <reporter-output>
  </reporter-output>
  <suite started-at="2024-04-21T16:26:38 IST" name="Default suite" finished-at="2024-04-21T16:26:46 IST" duration-ms="7974">
    <groups>
    </groups>
    <test started-at="2024-04-21T16:26:38 IST" name="Default test" finished-at="2024-04-21T16:26:46 IST" duration-ms="7974">
      <class name="Testing.AutomationCICD.Automation">
        <test-method is-config="true" signature="config()[pri:0, instance:Testing.AutomationCICD.Automation@27f981c6]" started-at="2024-04-21T16:26:38 IST" name="config" finished-at="2024-04-21T16:26:39 IST" duration-ms="296" status="PASS">
          <reporter-output>
          </reporter-output>
        </test-method> <!-- config -->
        <test-method signature="simplerun()[pri:0, instance:Testing.AutomationCICD.Automation@27f981c6]" started-at="2024-04-21T16:26:39 IST" name="simplerun" finished-at="2024-04-21T16:26:46 IST" duration-ms="7633" status="PASS">
          <reporter-output>
          </reporter-output>
        </test-method> <!-- simplerun -->
      </class> <!-- Testing.AutomationCICD.Automation -->
    </test> <!-- Default test -->
  </suite> <!-- Default suite -->
</testng-results>
